<?xml version="1.0" encoding="UTF-8"?>
<!-- Generated by org.testng.reporters.JUnitReportReporter -->
<testsuite hostname="surendar" failures="0" tests="1" name="TestCases.AppTest" time="0.022" errors="0" timestamp="2020-05-22T22:04:06 IST" skipped="0">
  <testcase classname="TestCases.AppTest" name="newy" time="0.022"/>
  <system-out/>
</testsuite> <!-- TestCases.AppTest -->
