<?xml version="1.0" encoding="UTF-8"?>
<!-- Generated by org.testng.reporters.JUnitReportReporter -->
<testsuite hostname="surendar" failures="0" tests="1" name="TestCases.Facebook" time="17.830" errors="0" timestamp="2020-05-23T07:58:53 IST" skipped="0">
  <testcase classname="TestCases.Facebook" name="newFacebook" time="17.830"/>
  <system-out/>
</testsuite> <!-- TestCases.Facebook -->
