<?xml version="1.0" encoding="UTF-8"?>
<!-- Generated by org.testng.reporters.JUnitReportReporter -->
<testsuite hostname="surendar" failures="0" tests="1" name="testNGLearning.TestNGIntroduction" time="0.031" errors="0" timestamp="2020-05-21T22:10:44 IST" skipped="0">
  <testcase classname="testNGLearning.TestNGIntroduction" name="introduction" time="0.031"/>
  <system-out/>
</testsuite> <!-- testNGLearning.TestNGIntroduction -->
