<?xml version="1.0" encoding="UTF-8"?>
<!-- Generated by org.testng.reporters.JUnitReportReporter -->
<testsuite hostname="surendar" failures="0" tests="1" name="wgs.extenreports.ExtentReportSample" time="10.877" errors="0" timestamp="2020-05-23T13:19:35 IST" skipped="0">
  <testcase classname="wgs.extenreports.ExtentReportSample" name="chromeBrowserInvoke" time="10.877"/>
  <system-out/>
</testsuite> <!-- wgs.extenreports.ExtentReportSample -->
