<?xml version="1.0" encoding="UTF-8"?>
<!-- Generated by org.testng.reporters.JUnitReportReporter -->
<testsuite hostname="surendar" failures="0" tests="1" name="wgs.extenreports.DataDriverTest" time="1.218" errors="0" timestamp="2020-05-23T15:55:06 IST" skipped="0">
  <testcase classname="wgs.extenreports.DataDriverTest" name="getData" time="1.218"/>
  <system-out/>
</testsuite> <!-- wgs.extenreports.DataDriverTest -->
