<?xml version="1.0" encoding="UTF-8"?>
<!-- Generated by org.testng.reporters.JUnitReportReporter -->
<testsuite hostname="surendar" failures="0" tests="1" name="TestCases.Facebook" time="13.584" errors="0" timestamp="2020-05-23T08:11:28 IST" skipped="0">
  <testcase classname="TestCases.Facebook" name="newFacebook" time="13.584"/>
  <system-out/>
</testsuite> <!-- TestCases.Facebook -->
