<?xml version="1.0" encoding="UTF-8"?>
<!-- Generated by org.testng.reporters.JUnitReportReporter -->
<testsuite hostname="surendar" failures="0" tests="1" name="TestCases.AppModifiedTest" time="0.009" errors="0" timestamp="2020-05-23T07:35:46 IST" skipped="0">
  <testcase classname="TestCases.AppModifiedTest" name="modified" time="0.009"/>
  <system-out/>
</testsuite> <!-- TestCases.AppModifiedTest -->
