<?xml version="1.0" encoding="UTF-8"?>
<!-- Generated by org.testng.reporters.JUnitReportReporter -->
<testsuite hostname="surendar" failures="0" tests="1" name="TestCases.ChromeBrowserInvoke" time="74.859" errors="0" timestamp="2020-05-23T08:11:28 IST" skipped="0">
  <testcase classname="TestCases.ChromeBrowserInvoke" name="newChromeBrowserInvoke" time="74.859"/>
  <system-out/>
</testsuite> <!-- TestCases.ChromeBrowserInvoke -->
