<?xml version="1.0" encoding="UTF-8"?>
<!-- Generated by org.testng.reporters.JUnitReportReporter -->
<testsuite hostname="surendar" failures="0" tests="1" name="Academy.E2EProject.WindowAuthenticationTesting" time="7.090" errors="0" timestamp="2020-05-25T12:27:32 IST" skipped="0">
  <testcase classname="Academy.E2EProject.WindowAuthenticationTesting" name="windowAuth" time="7.090"/>
  <system-out/>
</testsuite> <!-- Academy.E2EProject.WindowAuthenticationTesting -->
