<?xml version="1.0" encoding="UTF-8"?>
<!-- Generated by org.testng.reporters.JUnitReportReporter -->
<testsuite hostname="surendar" failures="0" tests="1" name="Academy.E2EProject.AutoItTurtorial" time="66.599" errors="0" timestamp="2020-05-25T15:30:05 IST" skipped="0">
  <testcase classname="Academy.E2EProject.AutoItTurtorial" name="windowAuth" time="66.599"/>
  <system-out/>
</testsuite> <!-- Academy.E2EProject.AutoItTurtorial -->
