<?xml version="1.0" encoding="UTF-8"?>
<!-- Generated by org.testng.reporters.JUnitReportReporter -->
<testsuite hostname="surendar" failures="0" tests="2" name="Academy.E2EProject.HomePage" time="58.490" errors="0" timestamp="2020-05-24T16:09:34 IST" skipped="0">
  <testcase classname="Academy.E2EProject.HomePage" name="homePageNavigation" time="46.312"/>
  <system-out/>
  <testcase classname="Academy.E2EProject.HomePage" name="homePageNavigation" time="12.178"/>
  <system-out/>
</testsuite> <!-- Academy.E2EProject.HomePage -->
